<?xml version="1.0" encoding="UTF-8"?>
<!-- Generated by org.testng.reporters.JUnitReportReporter -->
<testsuite hostname="DESKTOP-LQ92LNV" failures="0" tests="1" name="TestSuite.SmokeTest" time="19.343" errors="0" timestamp="2022-08-30T09:32:51 IST" skipped="0">
  <testcase classname="TestSuite.SmokeTest" name="testing" time="19.343"/>
  <system-out/>
</testsuite> <!-- TestSuite.SmokeTest -->
